<?xml version="1.0" encoding="UTF-8"?>
<!-- Generated by org.testng.reporters.JUnitReportReporter -->
<testsuite hostname="AELTA000MON06" failures="0" tests="5" name="testcases.All_Test" time="48.407" errors="0" timestamp="2023-09-21T16:45:44 IST" skipped="0">
  <testcase classname="testcases.All_Test" name="SetPincode" time="19.329">
    <system-out>
      <![CDATA[400058]]>
    </system-out>
  </testcase> <!-- SetPincode -->
  <testcase classname="testcases.All_Test" name="SearchAndAddtoCart" time="8.707">
    <system-out>
      <![CDATA[oil]]>
    </system-out>
  </testcase> <!-- SearchAndAddtoCart -->
  <testcase classname="testcases.All_Test" name="MyCartScreen" time="2.541"/>
  <testcase classname="testcases.All_Test" name="AddressCheck" time="6.270"/>
  <testcase classname="testcases.All_Test" name="CheckoutScreens" time="11.560">
    <system-out>
      <![CDATA[21092023 164538]]>
    </system-out>
  </testcase> <!-- CheckoutScreens -->
  <system-out>
    <![CDATA[Browser Launched
400058
oil
21092023 164538]]>
  </system-out>
</testsuite> <!-- testcases.All_Test -->
